# JRE version: OpenJDK Runtime Environment (17.0.6) (build 17.0.6+0-b2043.56-10027231)
# Java VM: OpenJDK 64-Bit Server VM (17.0.6+0-b2043.56-10027231, mixed mode, tiered, compressed oops, compressed class ptrs, g1 gc, windows-amd64)
GC Precious Log:
 CPUs: 8 total, 8 available
 Memory: 7997M
 Large Page Support: Disabled
 NUMA Support: Disabled
 Compressed Oops: Enabled (32-bit)
 Heap Region Size: 1M
 Heap Min Capacity: 8M
 Heap Initial Capacity: 126M
 Heap Max Capacity: 2G
 Pre-touch: Disabled
 Parallel Workers: 8
 Concurrent Workers: 2
 Concurrent Refinement Workers: 8
 Periodic GC: Disabled
Heap:
 garbage-first heap   total 471040K, used 314902K [0x0000000080000000, 0x0000000100000000)
  region size 1024K, 13 young (13312K), 13 survivors (13312K)
 Metaspace       used 191900K, committed 193088K, reserved 1220608K
  class space    used 24921K, committed 25472K, reserved 1048576K
GC Heap History (20 events):
Event: 92.314 GC heap after
{Heap after GC invocations=66 (full 0):
 garbage-first heap   total 411648K, used 249255K [0x0000000080000000, 0x0000000100000000)
  region size 1024K, 3 young (3072K), 3 survivors (3072K)
 Metaspace       used 177670K, committed 178688K, reserved 1204224K
  class space    used 22802K, committed 23296K, reserved 1048576K
}
Event: 93.800 GC heap before
{Heap before GC invocations=66 (full 0):
 garbage-first heap   total 411648K, used 342439K [0x0000000080000000, 0x0000000100000000)
  region size 1024K, 95 young (97280K), 3 survivors (3072K)
 Metaspace       used 179694K, committed 180736K, reserved 1212416K
  class space    used 23061K, committed 23552K, reserved 1048576K
}
Event: 93.806 GC heap after
{Heap after GC invocations=67 (full 0):
 garbage-first heap   total 411648K, used 249173K [0x0000000080000000, 0x0000000100000000)
  region size 1024K, 3 young (3072K), 3 survivors (3072K)
 Metaspace       used 179694K, committed 180736K, reserved 1212416K
  class space    used 23061K, committed 23552K, reserved 1048576K
}
Event: 94.131 GC heap before
{Heap before GC invocations=67 (full 0):
 garbage-first heap   total 411648K, used 346453K [0x0000000080000000, 0x0000000100000000)
  region size 1024K, 99 young (101376K), 3 survivors (3072K)
 Metaspace       used 180722K, committed 181760K, reserved 1212416K
  class space    used 23196K, committed 23680K, reserved 1048576K
}
Event: 94.138 GC heap after
{Heap after GC invocations=68 (full 0):
 garbage-first heap   total 411648K, used 251282K [0x0000000080000000, 0x0000000100000000)
  region size 1024K, 5 young (5120K), 5 survivors (5120K)
 Metaspace       used 180722K, committed 181760K, reserved 1212416K
  class space    used 23196K, committed 23680K, reserved 1048576K
}
Event: 94.664 GC heap before
{Heap before GC invocations=68 (full 0):
 garbage-first heap   total 411648K, used 349586K [0x0000000080000000, 0x0000000100000000)
  region size 1024K, 102 young (104448K), 5 survivors (5120K)
 Metaspace       used 180872K, committed 182016K, reserved 1212416K
  class space    used 23202K, committed 23744K, reserved 1048576K
}
Event: 94.673 GC heap after
{Heap after GC invocations=69 (full 0):
 garbage-first heap   total 411648K, used 254231K [0x0000000080000000, 0x0000000100000000)
  region size 1024K, 8 young (8192K), 8 survivors (8192K)
 Metaspace       used 180872K, committed 182016K, reserved 1212416K
  class space    used 23202K, committed 23744K, reserved 1048576K
}
Event: 95.245 GC heap before
{Heap before GC invocations=69 (full 0):
 garbage-first heap   total 411648K, used 350487K [0x0000000080000000, 0x0000000100000000)
  region size 1024K, 103 young (105472K), 8 survivors (8192K)
 Metaspace       used 180892K, committed 182016K, reserved 1212416K
  class space    used 23202K, committed 23744K, reserved 1048576K
}
Event: 95.263 GC heap after
{Heap after GC invocations=70 (full 0):
 garbage-first heap   total 411648K, used 259315K [0x0000000080000000, 0x0000000100000000)
  region size 1024K, 11 young (11264K), 11 survivors (11264K)
 Metaspace       used 180892K, committed 182016K, reserved 1212416K
  class space    used 23202K, committed 23744K, reserved 1048576K
}
Event: 95.778 GC heap before
{Heap before GC invocations=70 (full 0):
 garbage-first heap   total 411648K, used 351475K [0x0000000080000000, 0x0000000100000000)
  region size 1024K, 102 young (104448K), 11 survivors (11264K)
 Metaspace       used 181462K, committed 182592K, reserved 1212416K
  class space    used 23282K, committed 23872K, reserved 1048576K
}
Event: 95.791 GC heap after
{Heap after GC invocations=71 (full 0):
 garbage-first heap   total 411648K, used 262216K [0x0000000080000000, 0x0000000100000000)
  region size 1024K, 9 young (9216K), 9 survivors (9216K)
 Metaspace       used 181462K, committed 182592K, reserved 1212416K
  class space    used 23282K, committed 23872K, reserved 1048576K
}
Event: 96.318 GC heap before
{Heap before GC invocations=71 (full 0):
 garbage-first heap   total 411648K, used 355400K [0x0000000080000000, 0x0000000100000000)
  region size 1024K, 99 young (101376K), 9 survivors (9216K)
 Metaspace       used 183321K, committed 184448K, reserved 1212416K
  class space    used 23554K, committed 24128K, reserved 1048576K
}
Event: 96.328 GC heap after
{Heap after GC invocations=72 (full 0):
 garbage-first heap   total 411648K, used 270640K [0x0000000080000000, 0x0000000100000000)
  region size 1024K, 13 young (13312K), 13 survivors (13312K)
 Metaspace       used 183321K, committed 184448K, reserved 1212416K
  class space    used 23554K, committed 24128K, reserved 1048576K
}
Event: 97.295 GC heap before
{Heap before GC invocations=73 (full 0):
 garbage-first heap   total 471040K, used 344368K [0x0000000080000000, 0x0000000100000000)
  region size 1024K, 86 young (88064K), 13 survivors (13312K)
 Metaspace       used 187353K, committed 188480K, reserved 1212416K
  class space    used 24182K, committed 24768K, reserved 1048576K
}
Event: 97.314 GC heap after
{Heap after GC invocations=74 (full 0):
 garbage-first heap   total 471040K, used 282704K [0x0000000080000000, 0x0000000100000000)
  region size 1024K, 11 young (11264K), 11 survivors (11264K)
 Metaspace       used 187353K, committed 188480K, reserved 1212416K
  class space    used 24182K, committed 24768K, reserved 1048576K
}
Event: 97.371 GC heap before
{Heap before GC invocations=74 (full 0):
 garbage-first heap   total 471040K, used 293968K [0x0000000080000000, 0x0000000100000000)
  region size 1024K, 23 young (23552K), 11 survivors (11264K)
 Metaspace       used 187697K, committed 188864K, reserved 1220608K
  class space    used 24243K, committed 24832K, reserved 1048576K
}
Event: 97.388 GC heap after
{Heap after GC invocations=75 (full 0):
 garbage-first heap   total 471040K, used 282294K [0x0000000080000000, 0x0000000100000000)
  region size 1024K, 3 young (3072K), 3 survivors (3072K)
 Metaspace       used 187697K, committed 188864K, reserved 1220608K
  class space    used 24243K, committed 24832K, reserved 1048576K
}
Event: 97.868 GC heap before
{Heap before GC invocations=75 (full 0):
 garbage-first heap   total 471040K, used 390838K [0x0000000080000000, 0x0000000100000000)
  region size 1024K, 110 young (112640K), 3 survivors (3072K)
 Metaspace       used 190855K, committed 191936K, reserved 1220608K
  class space    used 24727K, committed 25280K, reserved 1048576K
}
Event: 97.899 GC heap after
{Heap after GC invocations=76 (full 0):
 garbage-first heap   total 471040K, used 300032K [0x0000000080000000, 0x0000000100000000)
  region size 1024K, 14 young (14336K), 14 survivors (14336K)
 Metaspace       used 190855K, committed 191936K, reserved 1220608K
  class space    used 24727K, committed 25280K, reserved 1048576K
}
Event: 98.122 GC heap before
{Heap before GC invocations=76 (full 0):
 garbage-first heap   total 471040K, used 392192K [0x0000000080000000, 0x0000000100000000)
  region size 1024K, 104 young (106496K), 14 survivors (14336K)
 Metaspace       used 191900K, committed 193088K, reserved 1220608K
  class space    used 24921K, committed 25472K, reserved 1048576K
}

