# JRE version: OpenJDK Runtime Environment (17.0.6) (build 17.0.6+0-b2043.56-10027231)
# Java VM: OpenJDK 64-Bit Server VM (17.0.6+0-b2043.56-10027231, mixed mode, tiered, compressed oops, compressed class ptrs, g1 gc, windows-amd64)
GC Precious Log:
 CPUs: 8 total, 8 available
 Memory: 7997M
 Large Page Support: Disabled
 NUMA Support: Disabled
 Compressed Oops: Enabled (32-bit)
 Heap Region Size: 1M
 Heap Min Capacity: 8M
 Heap Initial Capacity: 126M
 Heap Max Capacity: 2G
 Pre-touch: Disabled
 Parallel Workers: 8
 Concurrent Workers: 2
 Concurrent Refinement Workers: 8
 Periodic GC: Disabled
Heap:
 garbage-first heap   total 419840K, used 185385K [0x0000000080000000, 0x0000000100000000)
  region size 1024K, 9 young (9216K), 9 survivors (9216K)
 Metaspace       used 111754K, committed 112448K, reserved 1146880K
  class space    used 15367K, committed 15680K, reserved 1048576K
GC Heap History (20 events):
Event: 20.914 GC heap after
{Heap after GC invocations=33 (full 0):
 garbage-first heap   total 165888K, used 81497K [0x0000000080000000, 0x0000000100000000)
  region size 1024K, 5 young (5120K), 5 survivors (5120K)
 Metaspace       used 93771K, committed 94400K, reserved 1130496K
  class space    used 12757K, committed 13056K, reserved 1048576K
}
Event: 21.658 GC heap before
{Heap before GC invocations=33 (full 0):
 garbage-first heap   total 165888K, used 129625K [0x0000000080000000, 0x0000000100000000)
  region size 1024K, 53 young (54272K), 5 survivors (5120K)
 Metaspace       used 94911K, committed 95552K, reserved 1138688K
  class space    used 12918K, committed 13248K, reserved 1048576K
}
Event: 21.667 GC heap after
{Heap after GC invocations=34 (full 0):
 garbage-first heap   total 165888K, used 84318K [0x0000000080000000, 0x0000000100000000)
  region size 1024K, 4 young (4096K), 4 survivors (4096K)
 Metaspace       used 94911K, committed 95552K, reserved 1138688K
  class space    used 12918K, committed 13248K, reserved 1048576K
}
Event: 22.243 GC heap before
{Heap before GC invocations=35 (full 0):
 garbage-first heap   total 165888K, used 131422K [0x0000000080000000, 0x0000000100000000)
  region size 1024K, 51 young (52224K), 4 survivors (4096K)
 Metaspace       used 96149K, committed 96896K, reserved 1138688K
  class space    used 13094K, committed 13440K, reserved 1048576K
}
Event: 22.250 GC heap after
{Heap after GC invocations=36 (full 0):
 garbage-first heap   total 165888K, used 90241K [0x0000000080000000, 0x0000000100000000)
  region size 1024K, 7 young (7168K), 7 survivors (7168K)
 Metaspace       used 96149K, committed 96896K, reserved 1138688K
  class space    used 13094K, committed 13440K, reserved 1048576K
}
Event: 22.253 GC heap before
{Heap before GC invocations=36 (full 0):
 garbage-first heap   total 165888K, used 90241K [0x0000000080000000, 0x0000000100000000)
  region size 1024K, 8 young (8192K), 7 survivors (7168K)
 Metaspace       used 96153K, committed 96896K, reserved 1138688K
  class space    used 13095K, committed 13440K, reserved 1048576K
}
Event: 22.260 GC heap after
{Heap after GC invocations=37 (full 0):
 garbage-first heap   total 165888K, used 89890K [0x0000000080000000, 0x0000000100000000)
  region size 1024K, 1 young (1024K), 1 survivors (1024K)
 Metaspace       used 96153K, committed 96896K, reserved 1138688K
  class space    used 13095K, committed 13440K, reserved 1048576K
}
Event: 22.397 GC heap before
{Heap before GC invocations=37 (full 0):
 garbage-first heap   total 165888K, used 133922K [0x0000000080000000, 0x0000000100000000)
  region size 1024K, 43 young (44032K), 1 survivors (1024K)
 Metaspace       used 97020K, committed 97728K, reserved 1138688K
  class space    used 13222K, committed 13568K, reserved 1048576K
}
Event: 22.405 GC heap after
{Heap after GC invocations=38 (full 0):
 garbage-first heap   total 419840K, used 99536K [0x0000000080000000, 0x0000000100000000)
  region size 1024K, 6 young (6144K), 6 survivors (6144K)
 Metaspace       used 97020K, committed 97728K, reserved 1138688K
  class space    used 13222K, committed 13568K, reserved 1048576K
}
Event: 24.954 GC heap before
{Heap before GC invocations=39 (full 0):
 garbage-first heap   total 368640K, used 310480K [0x0000000080000000, 0x0000000100000000)
  region size 1024K, 212 young (217088K), 6 survivors (6144K)
 Metaspace       used 103439K, committed 104128K, reserved 1138688K
  class space    used 14120K, committed 14464K, reserved 1048576K
}
Event: 25.012 GC heap after
{Heap after GC invocations=40 (full 0):
 garbage-first heap   total 368640K, used 136904K [0x0000000080000000, 0x0000000100000000)
  region size 1024K, 27 young (27648K), 27 survivors (27648K)
 Metaspace       used 103439K, committed 104128K, reserved 1138688K
  class space    used 14120K, committed 14464K, reserved 1048576K
}
Event: 25.018 GC heap before
{Heap before GC invocations=40 (full 0):
 garbage-first heap   total 368640K, used 137928K [0x0000000080000000, 0x0000000100000000)
  region size 1024K, 28 young (28672K), 27 survivors (27648K)
 Metaspace       used 103444K, committed 104128K, reserved 1138688K
  class space    used 14122K, committed 14464K, reserved 1048576K
}
Event: 25.056 GC heap after
{Heap after GC invocations=41 (full 0):
 garbage-first heap   total 368640K, used 139577K [0x0000000080000000, 0x0000000100000000)
  region size 1024K, 3 young (3072K), 3 survivors (3072K)
 Metaspace       used 103444K, committed 104128K, reserved 1138688K
  class space    used 14122K, committed 14464K, reserved 1048576K
}
Event: 26.025 GC heap before
{Heap before GC invocations=41 (full 0):
 garbage-first heap   total 368640K, used 259385K [0x0000000080000000, 0x0000000100000000)
  region size 1024K, 120 young (122880K), 3 survivors (3072K)
 Metaspace       used 105552K, committed 106240K, reserved 1146880K
  class space    used 14490K, committed 14848K, reserved 1048576K
}
Event: 26.053 GC heap after
{Heap after GC invocations=42 (full 0):
 garbage-first heap   total 368640K, used 157696K [0x0000000080000000, 0x0000000100000000)
  region size 1024K, 15 young (15360K), 15 survivors (15360K)
 Metaspace       used 105552K, committed 106240K, reserved 1146880K
  class space    used 14490K, committed 14848K, reserved 1048576K
}
Event: 27.067 GC heap before
{Heap before GC invocations=42 (full 0):
 garbage-first heap   total 368640K, used 271360K [0x0000000080000000, 0x0000000100000000)
  region size 1024K, 126 young (129024K), 15 survivors (15360K)
 Metaspace       used 108003K, committed 108736K, reserved 1146880K
  class space    used 14897K, committed 15232K, reserved 1048576K
}
Event: 27.111 GC heap after
{Heap after GC invocations=43 (full 0):
 garbage-first heap   total 368640K, used 175750K [0x0000000080000000, 0x0000000100000000)
  region size 1024K, 16 young (16384K), 16 survivors (16384K)
 Metaspace       used 108003K, committed 108736K, reserved 1146880K
  class space    used 14897K, committed 15232K, reserved 1048576K
}
Event: 28.136 GC heap before
{Heap before GC invocations=43 (full 0):
 garbage-first heap   total 368640K, used 282246K [0x0000000080000000, 0x0000000100000000)
  region size 1024K, 120 young (122880K), 16 survivors (16384K)
 Metaspace       used 109757K, committed 110528K, reserved 1146880K
  class space    used 15132K, committed 15488K, reserved 1048576K
}
Event: 28.166 GC heap after
{Heap after GC invocations=44 (full 0):
 garbage-first heap   total 368640K, used 184405K [0x0000000080000000, 0x0000000100000000)
  region size 1024K, 8 young (8192K), 8 survivors (8192K)
 Metaspace       used 109757K, committed 110528K, reserved 1146880K
  class space    used 15132K, committed 15488K, reserved 1048576K
}
Event: 29.228 GC heap before
{Heap before GC invocations=44 (full 0):
 garbage-first heap   total 368640K, used 290901K [0x0000000080000000, 0x0000000100000000)
  region size 1024K, 112 young (114688K), 8 survivors (8192K)
 Metaspace       used 111754K, committed 112448K, reserved 1146880K
  class space    used 15367K, committed 15680K, reserved 1048576K
}

